<?xml version="1.0" encoding="UTF-8"?>
<!-- Generated by org.testng.reporters.JUnitReportReporter -->
<testsuite skipped="0" hostname="KALAMSIR-PC" name="tests.Runner1" tests="8" failures="0" timestamp="2020-10-25T13:36:24 IST" time="393.466" errors="0">
  <testcase name="runScenario" time="33.288" classname="tests.Runner1"/>
  <system-out/>
  <testcase name="runScenario" time="41.074" classname="tests.Runner1"/>
  <system-out/>
  <testcase name="runScenario" time="35.086" classname="tests.Runner1"/>
  <system-out/>
  <testcase name="runScenario" time="41.269" classname="tests.Runner1"/>
  <system-out/>
  <testcase name="runScenario" time="39.054" classname="tests.Runner1"/>
  <system-out/>
  <testcase name="runScenario" time="35.610" classname="tests.Runner1"/>
  <system-out/>
  <testcase name="runScenario" time="125.410" classname="tests.Runner1"/>
  <system-out/>
  <testcase name="runScenario" time="42.675" classname="tests.Runner1"/>
  <system-out/>
</testsuite> <!-- tests.Runner1 -->
