<?xml version="1.0" encoding="UTF-8"?>
<!-- Generated by org.testng.reporters.JUnitReportReporter -->
<testsuite skipped="0" hostname="KALAMSIR-PC" name="tests.Runner1" tests="1" failures="0" timestamp="2020-10-25T09:47:55 IST" time="117.755" errors="0">
  <testcase name="runScenario" time="117.755" classname="tests.Runner1"/>
  <system-out/>
</testsuite> <!-- tests.Runner1 -->
